2017-06-20 20:15:22.747+0000 INFO  [o.n.k.i.f.CommunityFacadeFactory] No locking implementation specified, defaulting to 'community'
2017-06-20 20:15:22.820+0000 INFO  [o.n.k.AvailabilityGuard] Requirement makes database unavailable: Database available
2017-06-20 20:15:22.840+0000 INFO  [o.n.k.i.DiagnosticsManager] --- INITIALIZED diagnostics START ---
2017-06-20 20:15:22.840+0000 INFO  [o.n.k.i.DiagnosticsManager] Neo4j Kernel properties:
2017-06-20 20:15:22.840+0000 INFO  [o.n.k.i.DiagnosticsManager] dbms.security.auth_enabled=false
2017-06-20 20:15:22.840+0000 INFO  [o.n.k.i.DiagnosticsManager] dbms.directories.import=import
2017-06-20 20:15:22.840+0000 INFO  [o.n.k.i.DiagnosticsManager] dbms.memory.heap.initial_size=512
2017-06-20 20:15:22.840+0000 INFO  [o.n.k.i.DiagnosticsManager] dbms.connector.bolt.tls_level=OPTIONAL
2017-06-20 20:15:22.840+0000 INFO  [o.n.k.i.DiagnosticsManager] dbms.shell.enabled=true
2017-06-20 20:15:22.840+0000 INFO  [o.n.k.i.DiagnosticsManager] dbms.connector.https.address=0.0.0.0:7473
2017-06-20 20:15:22.840+0000 INFO  [o.n.k.i.DiagnosticsManager] ha.host.coordination=d299845715cd:5001
2017-06-20 20:15:22.840+0000 INFO  [o.n.k.i.DiagnosticsManager] dbms.tx_log.rotation.retention_policy=100M size
2017-06-20 20:15:22.841+0000 INFO  [o.n.k.i.DiagnosticsManager] dbms.connector.https.encryption=TLS
2017-06-20 20:15:22.841+0000 INFO  [o.n.k.i.DiagnosticsManager] dbms.connector.http.address=0.0.0.0:7474
2017-06-20 20:15:22.841+0000 INFO  [o.n.k.i.DiagnosticsManager] dbms.connector.bolt.enabled=true
2017-06-20 20:15:22.841+0000 INFO  [o.n.k.i.DiagnosticsManager] dbms.connector.http.enabled=true
2017-06-20 20:15:22.841+0000 INFO  [o.n.k.i.DiagnosticsManager] dbms.connector.bolt.type=BOLT
2017-06-20 20:15:22.841+0000 INFO  [o.n.k.i.DiagnosticsManager] unsupported.dbms.directories.neo4j_home=/var/lib/neo4j
2017-06-20 20:15:22.841+0000 INFO  [o.n.k.i.DiagnosticsManager] dbms.connector.https.enabled=true
2017-06-20 20:15:22.841+0000 INFO  [o.n.k.i.DiagnosticsManager] dbms.connector.http.type=HTTP
2017-06-20 20:15:22.842+0000 INFO  [o.n.k.i.DiagnosticsManager] dbms.memory.heap.max_size=512
2017-06-20 20:15:22.842+0000 INFO  [o.n.k.i.DiagnosticsManager] dbms.connector.https.type=HTTP
2017-06-20 20:15:22.842+0000 INFO  [o.n.k.i.DiagnosticsManager] unsupported.dbms.security.auth_store.location=data/dbms/auth
2017-06-20 20:15:22.842+0000 INFO  [o.n.k.i.DiagnosticsManager] ha.host.data=d299845715cd:6001
2017-06-20 20:15:22.842+0000 INFO  [o.n.k.i.DiagnosticsManager] unsupported.dbms.edition=community
2017-06-20 20:15:22.842+0000 INFO  [o.n.k.i.DiagnosticsManager] dbms.connector.bolt.address=0.0.0.0:7687
2017-06-20 20:15:22.842+0000 INFO  [o.n.k.i.DiagnosticsManager] dbms.directories.logs=/logs
2017-06-20 20:15:22.842+0000 INFO  [o.n.k.i.DiagnosticsManager] wrapper.java.additional=-Dneo4j.ext.udc.source=docker
2017-06-20 20:15:22.842+0000 INFO  [o.n.k.i.DiagnosticsManager] Diagnostics providers:
2017-06-20 20:15:22.842+0000 INFO  [o.n.k.i.DiagnosticsManager] org.neo4j.kernel.configuration.Config
2017-06-20 20:15:22.842+0000 INFO  [o.n.k.i.DiagnosticsManager] org.neo4j.kernel.info.DiagnosticsManager
2017-06-20 20:15:22.842+0000 INFO  [o.n.k.i.DiagnosticsManager] SYSTEM_MEMORY
2017-06-20 20:15:22.842+0000 INFO  [o.n.k.i.DiagnosticsManager] JAVA_MEMORY
2017-06-20 20:15:22.842+0000 INFO  [o.n.k.i.DiagnosticsManager] OPERATING_SYSTEM
2017-06-20 20:15:22.843+0000 INFO  [o.n.k.i.DiagnosticsManager] JAVA_VIRTUAL_MACHINE
2017-06-20 20:15:22.843+0000 INFO  [o.n.k.i.DiagnosticsManager] CLASSPATH
2017-06-20 20:15:22.843+0000 INFO  [o.n.k.i.DiagnosticsManager] LIBRARY_PATH
2017-06-20 20:15:22.843+0000 INFO  [o.n.k.i.DiagnosticsManager] SYSTEM_PROPERTIES
2017-06-20 20:15:22.843+0000 INFO  [o.n.k.i.DiagnosticsManager] LINUX_SCHEDULERS
2017-06-20 20:15:22.843+0000 INFO  [o.n.k.i.DiagnosticsManager] NETWORK
2017-06-20 20:15:22.843+0000 INFO  [o.n.k.i.DiagnosticsManager] System memory information:
2017-06-20 20:15:22.845+0000 INFO  [o.n.k.i.DiagnosticsManager] Total Physical memory: 1.95 GB
2017-06-20 20:15:22.845+0000 INFO  [o.n.k.i.DiagnosticsManager] Free Physical memory: 719.54 MB
2017-06-20 20:15:22.846+0000 INFO  [o.n.k.i.DiagnosticsManager] Committed virtual memory: 3.27 GB
2017-06-20 20:15:22.846+0000 INFO  [o.n.k.i.DiagnosticsManager] Total swap space: 1024.00 MB
2017-06-20 20:15:22.846+0000 INFO  [o.n.k.i.DiagnosticsManager] Free swap space: 862.93 MB
2017-06-20 20:15:22.846+0000 INFO  [o.n.k.i.DiagnosticsManager] JVM memory information:
2017-06-20 20:15:22.846+0000 INFO  [o.n.k.i.DiagnosticsManager] Free  memory: 492.50 MB
2017-06-20 20:15:22.847+0000 INFO  [o.n.k.i.DiagnosticsManager] Total memory: 512.00 MB
2017-06-20 20:15:22.847+0000 INFO  [o.n.k.i.DiagnosticsManager] Max   memory: 512.00 MB
2017-06-20 20:15:22.848+0000 INFO  [o.n.k.i.DiagnosticsManager] Garbage Collector: G1 Young Generation: [G1 Eden Space, G1 Survivor Space]
2017-06-20 20:15:22.848+0000 INFO  [o.n.k.i.DiagnosticsManager] Garbage Collector: G1 Old Generation: [G1 Eden Space, G1 Survivor Space, G1 Old Gen]
2017-06-20 20:15:22.848+0000 INFO  [o.n.k.i.DiagnosticsManager] Memory Pool: Code Cache (Non-heap memory): committed=4.69 MB, used=4.64 MB, max=240.00 MB, threshold=0.00 B
2017-06-20 20:15:22.849+0000 INFO  [o.n.k.i.DiagnosticsManager] Memory Pool: Metaspace (Non-heap memory): committed=12.13 MB, used=11.67 MB, max=-1.00 B, threshold=0.00 B
2017-06-20 20:15:22.849+0000 INFO  [o.n.k.i.DiagnosticsManager] Memory Pool: Compressed Class Space (Non-heap memory): committed=1.63 MB, used=1.51 MB, max=1.00 GB, threshold=0.00 B
2017-06-20 20:15:22.849+0000 INFO  [o.n.k.i.DiagnosticsManager] Memory Pool: G1 Eden Space (Heap memory): committed=317.00 MB, used=4.00 MB, max=-1.00 B, threshold=?
2017-06-20 20:15:22.850+0000 INFO  [o.n.k.i.DiagnosticsManager] Memory Pool: G1 Survivor Space (Heap memory): committed=6.00 MB, used=6.00 MB, max=-1.00 B, threshold=?
2017-06-20 20:15:22.850+0000 INFO  [o.n.k.i.DiagnosticsManager] Memory Pool: G1 Old Gen (Heap memory): committed=189.00 MB, used=9.00 MB, max=512.00 MB, threshold=0.00 B
2017-06-20 20:15:22.850+0000 INFO  [o.n.k.i.DiagnosticsManager] Operating system information:
2017-06-20 20:15:22.850+0000 INFO  [o.n.k.i.DiagnosticsManager] Operating System: Linux; version: 4.9.27-moby; arch: amd64; cpus: 4
2017-06-20 20:15:22.850+0000 INFO  [o.n.k.i.DiagnosticsManager] Max number of file descriptors: 1048576
2017-06-20 20:15:22.851+0000 INFO  [o.n.k.i.DiagnosticsManager] Number of open file descriptors: 96
2017-06-20 20:15:22.854+0000 INFO  [o.n.k.i.DiagnosticsManager] Process id: 1@d299845715cd
2017-06-20 20:15:22.854+0000 INFO  [o.n.k.i.DiagnosticsManager] Byte order: LITTLE_ENDIAN
2017-06-20 20:15:22.854+0000 INFO  [o.n.k.i.DiagnosticsManager] Local timezone: Etc/UTC
2017-06-20 20:15:22.854+0000 INFO  [o.n.k.i.DiagnosticsManager] JVM information:
2017-06-20 20:15:22.854+0000 INFO  [o.n.k.i.DiagnosticsManager] VM Name: OpenJDK 64-Bit Server VM
2017-06-20 20:15:22.854+0000 INFO  [o.n.k.i.DiagnosticsManager] VM Vendor: Oracle Corporation
2017-06-20 20:15:22.854+0000 INFO  [o.n.k.i.DiagnosticsManager] VM Version: 25.131-b11
2017-06-20 20:15:22.855+0000 INFO  [o.n.k.i.DiagnosticsManager] JIT compiler: HotSpot 64-Bit Tiered Compilers
2017-06-20 20:15:22.855+0000 INFO  [o.n.k.i.DiagnosticsManager] VM Arguments: [-Xms512m, -Xmx512m, -XX:+UseG1GC, -XX:-OmitStackTraceInFastThrow, -XX:hashCode=5, -XX:+AlwaysPreTouch, -XX:+UnlockExperimentalVMOptions, -XX:+TrustFinalNonStaticFields, -XX:+DisableExplicitGC, -Djdk.tls.ephemeralDHKeySize=2048, -Dunsupported.dbms.udc.source=tarball, -Dfile.encoding=UTF-8]
2017-06-20 20:15:22.855+0000 INFO  [o.n.k.i.DiagnosticsManager] Java classpath:
2017-06-20 20:15:22.856+0000 INFO  [o.n.k.i.DiagnosticsManager]  [bootstrap] /usr/lib/jvm/java-8-openjdk-amd64/jre/lib/jce.jar
2017-06-20 20:15:22.856+0000 INFO  [o.n.k.i.DiagnosticsManager]  [classpath + loader.0] file:/var/lib/neo4j/lib/commons-lang3-3.3.2.jar
2017-06-20 20:15:22.856+0000 INFO  [o.n.k.i.DiagnosticsManager]  [classpath + loader.0] file:/var/lib/neo4j/lib/jetty-util-9.2.9.v20150224.jar
2017-06-20 20:15:22.856+0000 INFO  [o.n.k.i.DiagnosticsManager]  [classpath + loader.0] file:/var/lib/neo4j/lib/neo4j-cypher-3.0.9.jar
2017-06-20 20:15:22.856+0000 INFO  [o.n.k.i.DiagnosticsManager]  [classpath + loader.0] file:/var/lib/neo4j/lib/neo4j-consistency-check-3.0.9.jar
2017-06-20 20:15:22.857+0000 INFO  [o.n.k.i.DiagnosticsManager]  [classpath + loader.0] file:/var/lib/neo4j/lib/neo4j-graph-matching-3.0.9.jar
2017-06-20 20:15:22.857+0000 INFO  [o.n.k.i.DiagnosticsManager]  [classpath + loader.0] file:/var/lib/neo4j/lib/neo4j-resource-3.0.9.jar
2017-06-20 20:15:22.857+0000 INFO  [o.n.k.i.DiagnosticsManager]  [classpath + loader.0] file:/var/lib/neo4j/lib/lucene-queryparser-5.5.0.jar
2017-06-20 20:15:22.857+0000 INFO  [o.n.k.i.DiagnosticsManager]  [classpath + loader.0] file:/var/lib/neo4j/lib/scala-library-2.11.8.jar
2017-06-20 20:15:22.857+0000 INFO  [o.n.k.i.DiagnosticsManager]  [classpath + loader.0] file:/var/lib/neo4j/lib/jackson-core-asl-1.9.13.jar
2017-06-20 20:15:22.857+0000 INFO  [o.n.k.i.DiagnosticsManager]  [classpath + loader.0] file:/var/lib/neo4j/lib/jetty-security-9.2.9.v20150224.jar
2017-06-20 20:15:22.857+0000 INFO  [o.n.k.i.DiagnosticsManager]  [classpath + loader.0] file:/var/lib/neo4j/lib/neo4j-udc-3.0.9.jar
2017-06-20 20:15:22.857+0000 INFO  [o.n.k.i.DiagnosticsManager]  [loader.1] file:/usr/lib/jvm/java-8-openjdk-amd64/jre/lib/ext/nashorn.jar
2017-06-20 20:15:22.857+0000 INFO  [o.n.k.i.DiagnosticsManager]  [loader.1] file:/usr/lib/jvm/java-8-openjdk-amd64/jre/lib/ext/icedtea-sound.jar
2017-06-20 20:15:22.857+0000 INFO  [o.n.k.i.DiagnosticsManager]  [classpath + loader.0] file:/var/lib/neo4j/lib/jetty-server-9.2.9.v20150224.jar
2017-06-20 20:15:22.858+0000 INFO  [o.n.k.i.DiagnosticsManager]  [classpath + loader.0] file:/var/lib/neo4j/lib/jline-2.12.jar
2017-06-20 20:15:22.858+0000 INFO  [o.n.k.i.DiagnosticsManager]  [classpath + loader.0] file:/var/lib/neo4j/lib/jersey-server-1.19.jar
2017-06-20 20:15:22.858+0000 INFO  [o.n.k.i.DiagnosticsManager]  [loader.1] file:/usr/lib/jvm/java-8-openjdk-amd64/jre/lib/ext/sunjce_provider.jar
2017-06-20 20:15:22.858+0000 INFO  [o.n.k.i.DiagnosticsManager]  [classpath + loader.0] file:/var/lib/neo4j/lib/scala-reflect-2.11.8.jar
2017-06-20 20:15:22.858+0000 INFO  [o.n.k.i.DiagnosticsManager]  [classpath + loader.0] file:/var/lib/neo4j/lib/neo4j-common-3.0.9.jar
2017-06-20 20:15:22.858+0000 INFO  [o.n.k.i.DiagnosticsManager]  [classpath + loader.0] file:/var/lib/neo4j/lib/commons-io-2.4.jar
2017-06-20 20:15:22.858+0000 INFO  [o.n.k.i.DiagnosticsManager]  [classpath + loader.0] file:/var/lib/neo4j/lib/concurrentlinkedhashmap-lru-1.4.2.jar
2017-06-20 20:15:22.858+0000 INFO  [o.n.k.i.DiagnosticsManager]  [classpath + loader.0] file:/var/lib/neo4j/conf/
2017-06-20 20:15:22.858+0000 INFO  [o.n.k.i.DiagnosticsManager]  [classpath + loader.0] file:/var/lib/neo4j/lib/neo4j-bolt-3.0.9.jar
2017-06-20 20:15:22.858+0000 INFO  [o.n.k.i.DiagnosticsManager]  [bootstrap] /usr/lib/jvm/java-8-openjdk-amd64/jre/lib/sunrsasign.jar
2017-06-20 20:15:22.858+0000 INFO  [o.n.k.i.DiagnosticsManager]  [classpath + loader.0] file:/var/lib/neo4j/lib/neo4j-shell-3.0.9.jar
2017-06-20 20:15:22.858+0000 INFO  [o.n.k.i.DiagnosticsManager]  [classpath + loader.0] file:/var/lib/neo4j/lib/bcpkix-jdk15on-1.53.jar
2017-06-20 20:15:22.858+0000 INFO  [o.n.k.i.DiagnosticsManager]  [classpath + loader.0] file:/var/lib/neo4j/lib/jetty-io-9.2.9.v20150224.jar
2017-06-20 20:15:22.858+0000 INFO  [o.n.k.i.DiagnosticsManager]  [classpath + loader.0] file:/var/lib/neo4j/lib/neo4j-cypher-frontend-2.3-2.3.9.jar
2017-06-20 20:15:22.858+0000 INFO  [o.n.k.i.DiagnosticsManager]  [classpath + loader.0] file:/var/lib/neo4j/lib/neo4j-lucene-upgrade-3.0.9.jar
2017-06-20 20:15:22.858+0000 INFO  [o.n.k.i.DiagnosticsManager]  [classpath + loader.0] file:/var/lib/neo4j/lib/opencsv-2.3.jar
2017-06-20 20:15:22.858+0000 INFO  [o.n.k.i.DiagnosticsManager]  [classpath + loader.0] file:/var/lib/neo4j/lib/parboiled-scala_2.11-1.1.7.jar
2017-06-20 20:15:22.858+0000 INFO  [o.n.k.i.DiagnosticsManager]  [classpath + loader.0] file:/var/lib/neo4j/lib/jersey-servlet-1.19.jar
2017-06-20 20:15:22.858+0000 INFO  [o.n.k.i.DiagnosticsManager]  [bootstrap] /usr/lib/jvm/java-8-openjdk-amd64/jre/lib/jsse.jar
2017-06-20 20:15:22.858+0000 INFO  [o.n.k.i.DiagnosticsManager]  [classpath + loader.0] file:/var/lib/neo4j/lib/neo4j-command-line-3.0.9.jar
2017-06-20 20:15:22.858+0000 INFO  [o.n.k.i.DiagnosticsManager]  [classpath + loader.0] file:/var/lib/neo4j/lib/lucene-analyzers-common-5.5.0.jar
2017-06-20 20:15:22.858+0000 INFO  [o.n.k.i.DiagnosticsManager]  [classpath + loader.0] file:/var/lib/neo4j/lib/commons-beanutils-1.8.3.jar
2017-06-20 20:15:22.858+0000 INFO  [o.n.k.i.DiagnosticsManager]  [classpath + loader.0] file:/var/lib/neo4j/lib/asm-5.0.2.jar
2017-06-20 20:15:22.858+0000 INFO  [o.n.k.i.DiagnosticsManager]  [classpath + loader.0] file:/var/lib/neo4j/lib/neo4j-browser-1.1.9.jar
2017-06-20 20:15:22.858+0000 INFO  [o.n.k.i.DiagnosticsManager]  [classpath + loader.0] file:/var/lib/neo4j/lib/neo4j-cypher-compiler-3.0-3.0.9.jar
2017-06-20 20:15:22.858+0000 INFO  [o.n.k.i.DiagnosticsManager]  [loader.1] file:/usr/lib/jvm/java-8-openjdk-amd64/jre/lib/ext/jaccess.jar
2017-06-20 20:15:22.858+0000 INFO  [o.n.k.i.DiagnosticsManager]  [loader.1] file:/usr/lib/jvm/java-8-openjdk-amd64/jre/lib/ext/localedata.jar
2017-06-20 20:15:22.858+0000 INFO  [o.n.k.i.DiagnosticsManager]  [classpath + loader.0] file:/var/lib/neo4j/lib/jersey-core-1.19.jar
2017-06-20 20:15:22.859+0000 INFO  [o.n.k.i.DiagnosticsManager]  [classpath + loader.0] file:/var/lib/neo4j/lib/neo4j-codegen-3.0.9.jar
2017-06-20 20:15:22.859+0000 INFO  [o.n.k.i.DiagnosticsManager]  [loader.1] file:/usr/lib/jvm/java-8-openjdk-amd64/jre/lib/ext/sunpkcs11.jar
2017-06-20 20:15:22.859+0000 INFO  [o.n.k.i.DiagnosticsManager]  [classpath + loader.0] file:/var/lib/neo4j/lib/lucene-core-5.5.0.jar
2017-06-20 20:15:22.859+0000 INFO  [o.n.k.i.DiagnosticsManager]  [loader.1] file:/usr/lib/jvm/java-8-openjdk-amd64/jre/lib/ext/sunec.jar
2017-06-20 20:15:22.859+0000 INFO  [o.n.k.i.DiagnosticsManager]  [bootstrap] /usr/lib/jvm/java-8-openjdk-amd64/jre/lib/jfr.jar
2017-06-20 20:15:22.859+0000 INFO  [o.n.k.i.DiagnosticsManager]  [classpath + loader.0] file:/var/lib/neo4j/lib/commons-configuration-1.10.jar
2017-06-20 20:15:22.859+0000 INFO  [o.n.k.i.DiagnosticsManager]  [classpath + loader.0] file:/var/lib/neo4j/lib/jetty-webapp-9.2.9.v20150224.jar
2017-06-20 20:15:22.859+0000 INFO  [o.n.k.i.DiagnosticsManager]  [loader.1] file:/usr/lib/jvm/java-8-openjdk-amd64/jre/lib/ext/cldrdata.jar
2017-06-20 20:15:22.859+0000 INFO  [o.n.k.i.DiagnosticsManager]  [bootstrap] /usr/lib/jvm/java-8-openjdk-amd64/jre/classes
2017-06-20 20:15:22.859+0000 INFO  [o.n.k.i.DiagnosticsManager]  [classpath + loader.0] file:/var/lib/neo4j/lib/lucene-codecs-5.5.0.jar
2017-06-20 20:15:22.859+0000 INFO  [o.n.k.i.DiagnosticsManager]  [classpath + loader.0] file:/var/lib/neo4j/lib/neo4j-io-3.0.9.jar
2017-06-20 20:15:22.859+0000 INFO  [o.n.k.i.DiagnosticsManager]  [classpath + loader.0] file:/var/lib/neo4j/lib/neo4j-jmx-3.0.9.jar
2017-06-20 20:15:22.859+0000 INFO  [o.n.k.i.DiagnosticsManager]  [classpath + loader.0] file:/var/lib/neo4j/lib/jackson-mapper-asl-1.9.13.jar
2017-06-20 20:15:22.859+0000 INFO  [o.n.k.i.DiagnosticsManager]  [classpath + loader.0] file:/var/lib/neo4j/lib/neo4j-cypher-compiler-2.3-2.3.9.jar
2017-06-20 20:15:22.859+0000 INFO  [o.n.k.i.DiagnosticsManager]  [classpath + loader.0] file:/var/lib/neo4j/lib/neo4j-graph-algo-3.0.9.jar
2017-06-20 20:15:22.859+0000 INFO  [o.n.k.i.DiagnosticsManager]  [classpath + loader.0] file:/var/lib/neo4j/lib/neo4j-lucene-index-3.0.9.jar
2017-06-20 20:15:22.860+0000 INFO  [o.n.k.i.DiagnosticsManager]  [loader.1] file:/usr/lib/jvm/java-8-openjdk-amd64/jre/lib/ext/zipfs.jar
2017-06-20 20:15:22.860+0000 INFO  [o.n.k.i.DiagnosticsManager]  [classpath + loader.0] file:/var/lib/neo4j/lib/jetty-xml-9.2.9.v20150224.jar
2017-06-20 20:15:22.860+0000 INFO  [o.n.k.i.DiagnosticsManager]  [classpath + loader.0] file:/var/lib/neo4j/lib/neo4j-kernel-3.0.9.jar
2017-06-20 20:15:22.860+0000 INFO  [o.n.k.i.DiagnosticsManager]  [classpath + loader.0] file:/var/lib/neo4j/lib/jackson-jaxrs-1.9.13.jar
2017-06-20 20:15:22.860+0000 INFO  [o.n.k.i.DiagnosticsManager]  [bootstrap] /usr/lib/jvm/java-8-openjdk-amd64/jre/lib/resources.jar
2017-06-20 20:15:22.860+0000 INFO  [o.n.k.i.DiagnosticsManager]  [classpath + loader.0] file:/var/lib/neo4j/lib/neo4j-graphdb-api-3.0.9.jar
2017-06-20 20:15:22.860+0000 INFO  [o.n.k.i.DiagnosticsManager]  [classpath + loader.0] file:/var/lib/neo4j/plugins/*
2017-06-20 20:15:22.860+0000 INFO  [o.n.k.i.DiagnosticsManager]  [classpath + loader.0] file:/var/lib/neo4j/lib/neo4j-server-3.0.9.jar
2017-06-20 20:15:22.860+0000 INFO  [o.n.k.i.DiagnosticsManager]  [classpath + loader.0] file:/var/lib/neo4j/lib/neo4j-logging-3.0.9.jar
2017-06-20 20:15:22.860+0000 INFO  [o.n.k.i.DiagnosticsManager]  [classpath + loader.0] file:/var/lib/neo4j/lib/jsr311-api-1.1.2.r612.jar
2017-06-20 20:15:22.860+0000 INFO  [o.n.k.i.DiagnosticsManager]  [classpath + loader.0] file:/var/lib/neo4j/lib/jersey-multipart-1.19.jar
2017-06-20 20:15:22.860+0000 INFO  [o.n.k.i.DiagnosticsManager]  [classpath + loader.0] file:/var/lib/neo4j/lib/bcprov-jdk15on-1.53.jar
2017-06-20 20:15:22.860+0000 INFO  [o.n.k.i.DiagnosticsManager]  [classpath + loader.0] file:/var/lib/neo4j/lib/neo4j-collections-3.0.9.jar
2017-06-20 20:15:22.860+0000 INFO  [o.n.k.i.DiagnosticsManager]  [classpath + loader.0] file:/var/lib/neo4j/lib/neo4j-dbms-3.0.9.jar
2017-06-20 20:15:22.860+0000 INFO  [o.n.k.i.DiagnosticsManager]  [classpath + loader.0] file:/var/lib/neo4j/lib/netty-all-4.0.28.Final.jar
2017-06-20 20:15:22.861+0000 INFO  [o.n.k.i.DiagnosticsManager]  [classpath + loader.0] file:/var/lib/neo4j/lib/neo4j-security-3.0.9.jar
2017-06-20 20:15:22.861+0000 INFO  [o.n.k.i.DiagnosticsManager]  [classpath + loader.0] file:/var/lib/neo4j/lib/commons-digester-2.1.jar
2017-06-20 20:15:22.861+0000 INFO  [o.n.k.i.DiagnosticsManager]  [classpath + loader.0] file:/var/lib/neo4j/lib/javax.servlet-api-3.1.0.jar
2017-06-20 20:15:22.861+0000 INFO  [o.n.k.i.DiagnosticsManager]  [classpath + loader.0] file:/var/lib/neo4j/lib/neo4j-unsafe-3.0.9.jar
2017-06-20 20:15:22.861+0000 INFO  [o.n.k.i.DiagnosticsManager]  [loader.1] file:/usr/lib/jvm/java-8-openjdk-amd64/jre/lib/ext/dnsns.jar
2017-06-20 20:15:22.861+0000 INFO  [o.n.k.i.DiagnosticsManager]  [classpath + loader.0] file:/var/lib/neo4j/lib/neo4j-csv-3.0.9.jar
2017-06-20 20:15:22.861+0000 INFO  [o.n.k.i.DiagnosticsManager]  [classpath + loader.0] file:/var/lib/neo4j/lib/neo4j-primitive-collections-3.0.9.jar
2017-06-20 20:15:22.861+0000 INFO  [o.n.k.i.DiagnosticsManager]  [classpath + loader.0] file:/var/lib/neo4j/plugins/
2017-06-20 20:15:22.861+0000 INFO  [o.n.k.i.DiagnosticsManager]  [classpath + loader.0] file:/var/lib/neo4j/lib/commons-logging-1.1.1.jar
2017-06-20 20:15:22.861+0000 INFO  [o.n.k.i.DiagnosticsManager]  [classpath + loader.0] file:/var/lib/neo4j/lib/neo4j-cypher-frontend-3.0-3.0.9.jar
2017-06-20 20:15:22.861+0000 INFO  [o.n.k.i.DiagnosticsManager]  [bootstrap] /usr/lib/jvm/java-8-openjdk-amd64/jre/lib/charsets.jar
2017-06-20 20:15:22.861+0000 INFO  [o.n.k.i.DiagnosticsManager]  [classpath + loader.0] file:/var/lib/neo4j/lib/commons-lang-2.6.jar
2017-06-20 20:15:22.861+0000 INFO  [o.n.k.i.DiagnosticsManager]  [classpath + loader.0] file:/var/lib/neo4j/lib/server-api-3.0.9.jar
2017-06-20 20:15:22.861+0000 INFO  [o.n.k.i.DiagnosticsManager]  [classpath + loader.0] file:/var/lib/neo4j/lib/parboiled-core-1.1.7.jar
2017-06-20 20:15:22.861+0000 INFO  [o.n.k.i.DiagnosticsManager]  [classpath + loader.0] file:/var/lib/neo4j/lib/neo4j-import-tool-3.0.9.jar
2017-06-20 20:15:22.861+0000 INFO  [o.n.k.i.DiagnosticsManager]  [classpath + loader.0] file:/var/lib/neo4j/lib/jetty-servlet-9.2.9.v20150224.jar
2017-06-20 20:15:22.861+0000 INFO  [o.n.k.i.DiagnosticsManager]  [classpath + loader.0] file:/var/lib/neo4j/lib/rhino-1.7R4.jar
2017-06-20 20:15:22.861+0000 INFO  [o.n.k.i.DiagnosticsManager]  [bootstrap] /usr/lib/jvm/java-8-openjdk-amd64/jre/lib/rt.jar
2017-06-20 20:15:22.861+0000 INFO  [o.n.k.i.DiagnosticsManager]  [classpath + loader.0] file:/var/lib/neo4j/lib/jetty-http-9.2.9.v20150224.jar
2017-06-20 20:15:22.861+0000 INFO  [o.n.k.i.DiagnosticsManager]  [classpath + loader.0] file:/var/lib/neo4j/lib/mimepull-1.9.3.jar
2017-06-20 20:15:22.861+0000 INFO  [o.n.k.i.DiagnosticsManager] Library path:
2017-06-20 20:15:22.861+0000 INFO  [o.n.k.i.DiagnosticsManager] /usr/java/packages/lib/amd64
2017-06-20 20:15:22.862+0000 INFO  [o.n.k.i.DiagnosticsManager] /usr/lib/x86_64-linux-gnu/jni
2017-06-20 20:15:22.862+0000 INFO  [o.n.k.i.DiagnosticsManager] /lib/x86_64-linux-gnu
2017-06-20 20:15:22.862+0000 INFO  [o.n.k.i.DiagnosticsManager] /usr/lib/x86_64-linux-gnu
2017-06-20 20:15:22.862+0000 INFO  [o.n.k.i.DiagnosticsManager] /usr/lib/jni
2017-06-20 20:15:22.862+0000 INFO  [o.n.k.i.DiagnosticsManager] /lib
2017-06-20 20:15:22.862+0000 INFO  [o.n.k.i.DiagnosticsManager] /usr/lib
2017-06-20 20:15:22.862+0000 INFO  [o.n.k.i.DiagnosticsManager] System.properties:
2017-06-20 20:15:22.862+0000 INFO  [o.n.k.i.DiagnosticsManager] sun.boot.library.path = /usr/lib/jvm/java-8-openjdk-amd64/jre/lib/amd64
2017-06-20 20:15:22.862+0000 INFO  [o.n.k.i.DiagnosticsManager] path.separator = :
2017-06-20 20:15:22.862+0000 INFO  [o.n.k.i.DiagnosticsManager] file.encoding.pkg = sun.io
2017-06-20 20:15:22.862+0000 INFO  [o.n.k.i.DiagnosticsManager] sun.java.launcher = SUN_STANDARD
2017-06-20 20:15:22.862+0000 INFO  [o.n.k.i.DiagnosticsManager] sun.os.patch.level = unknown
2017-06-20 20:15:22.862+0000 INFO  [o.n.k.i.DiagnosticsManager] user.dir = /var/lib/neo4j
2017-06-20 20:15:22.862+0000 INFO  [o.n.k.i.DiagnosticsManager] sun.jnu.encoding = UTF-8
2017-06-20 20:15:22.862+0000 INFO  [o.n.k.i.DiagnosticsManager] unsupported.dbms.udc.source = tarball
2017-06-20 20:15:22.862+0000 INFO  [o.n.k.i.DiagnosticsManager] sun.management.compiler = HotSpot 64-Bit Tiered Compilers
2017-06-20 20:15:22.862+0000 INFO  [o.n.k.i.DiagnosticsManager] user.home = /root
2017-06-20 20:15:22.862+0000 INFO  [o.n.k.i.DiagnosticsManager] user.timezone = Etc/UTC
2017-06-20 20:15:22.862+0000 INFO  [o.n.k.i.DiagnosticsManager] file.encoding = UTF-8
2017-06-20 20:15:22.862+0000 INFO  [o.n.k.i.DiagnosticsManager] user.name = root
2017-06-20 20:15:22.862+0000 INFO  [o.n.k.i.DiagnosticsManager] sun.java.command = org.neo4j.server.CommunityEntryPoint --home-dir=/var/lib/neo4j --config-dir=/var/lib/neo4j/conf
2017-06-20 20:15:22.862+0000 INFO  [o.n.k.i.DiagnosticsManager] sun.arch.data.model = 64
2017-06-20 20:15:22.863+0000 INFO  [o.n.k.i.DiagnosticsManager] user.language = en
2017-06-20 20:15:22.863+0000 INFO  [o.n.k.i.DiagnosticsManager] awt.toolkit = sun.awt.X11.XToolkit
2017-06-20 20:15:22.863+0000 INFO  [o.n.k.i.DiagnosticsManager] jdk.tls.ephemeralDHKeySize = 2048
2017-06-20 20:15:22.863+0000 INFO  [o.n.k.i.DiagnosticsManager] file.separator = /
2017-06-20 20:15:22.863+0000 INFO  [o.n.k.i.DiagnosticsManager] sun.io.unicode.encoding = UnicodeLittle
2017-06-20 20:15:22.863+0000 INFO  [o.n.k.i.DiagnosticsManager] sun.cpu.endian = little
2017-06-20 20:15:22.863+0000 INFO  [o.n.k.i.DiagnosticsManager] sun.cpu.isalist = 
2017-06-20 20:15:22.863+0000 INFO  [o.n.k.i.DiagnosticsManager] Linux scheduler information:
2017-06-20 20:15:22.871+0000 INFO  [o.n.k.i.DiagnosticsManager] none
2017-06-20 20:15:22.871+0000 INFO  [o.n.k.i.DiagnosticsManager] none
2017-06-20 20:15:22.871+0000 INFO  [o.n.k.i.DiagnosticsManager] none
2017-06-20 20:15:22.872+0000 INFO  [o.n.k.i.DiagnosticsManager] none
2017-06-20 20:15:22.872+0000 INFO  [o.n.k.i.DiagnosticsManager] none
2017-06-20 20:15:22.872+0000 INFO  [o.n.k.i.DiagnosticsManager] none
2017-06-20 20:15:22.872+0000 INFO  [o.n.k.i.DiagnosticsManager] none
2017-06-20 20:15:22.872+0000 INFO  [o.n.k.i.DiagnosticsManager] none
2017-06-20 20:15:22.872+0000 INFO  [o.n.k.i.DiagnosticsManager] none
2017-06-20 20:15:22.873+0000 INFO  [o.n.k.i.DiagnosticsManager] none
2017-06-20 20:15:22.873+0000 INFO  [o.n.k.i.DiagnosticsManager] none
2017-06-20 20:15:22.873+0000 INFO  [o.n.k.i.DiagnosticsManager] none
2017-06-20 20:15:22.873+0000 INFO  [o.n.k.i.DiagnosticsManager] none
2017-06-20 20:15:22.873+0000 INFO  [o.n.k.i.DiagnosticsManager] none
2017-06-20 20:15:22.873+0000 INFO  [o.n.k.i.DiagnosticsManager] none
2017-06-20 20:15:22.874+0000 INFO  [o.n.k.i.DiagnosticsManager] none
2017-06-20 20:15:22.874+0000 INFO  [o.n.k.i.DiagnosticsManager] none
2017-06-20 20:15:22.874+0000 INFO  [o.n.k.i.DiagnosticsManager] none
2017-06-20 20:15:22.874+0000 INFO  [o.n.k.i.DiagnosticsManager] none
2017-06-20 20:15:22.875+0000 INFO  [o.n.k.i.DiagnosticsManager] none
2017-06-20 20:15:22.875+0000 INFO  [o.n.k.i.DiagnosticsManager] none
2017-06-20 20:15:22.875+0000 INFO  [o.n.k.i.DiagnosticsManager] none
2017-06-20 20:15:22.875+0000 INFO  [o.n.k.i.DiagnosticsManager] none
2017-06-20 20:15:22.875+0000 INFO  [o.n.k.i.DiagnosticsManager] none
2017-06-20 20:15:22.876+0000 INFO  [o.n.k.i.DiagnosticsManager] none
2017-06-20 20:15:22.876+0000 INFO  [o.n.k.i.DiagnosticsManager] Network information:
2017-06-20 20:15:22.876+0000 INFO  [o.n.k.i.DiagnosticsManager] Interface eth0:
2017-06-20 20:15:22.877+0000 INFO  [o.n.k.i.DiagnosticsManager]     address: fe80:0:0:0:42:acff:fe15:2%eth0
2017-06-20 20:15:22.877+0000 INFO  [o.n.k.i.DiagnosticsManager]     address: 172.21.0.2
2017-06-20 20:15:22.877+0000 INFO  [o.n.k.i.DiagnosticsManager] Interface lo:
2017-06-20 20:15:22.877+0000 INFO  [o.n.k.i.DiagnosticsManager]     address: 0:0:0:0:0:0:0:1%lo
2017-06-20 20:15:22.877+0000 INFO  [o.n.k.i.DiagnosticsManager]     address: 127.0.0.1
2017-06-20 20:15:22.877+0000 INFO  [o.n.k.i.DiagnosticsManager] --- INITIALIZED diagnostics END ---
2017-06-20 20:15:23.089+0000 INFO  [o.n.b.v.r.Sessions] Bolt Server extension loaded.
2017-06-20 20:15:23.091+0000 INFO  [o.n.b.v.r.Sessions] Bolt enabled on 0.0.0.0:7687.
2017-06-20 20:15:23.198+0000 INFO  [o.n.k.i.s.f.RecordFormatSelector] Selected RecordFormat:StandardV3_0[v0.A.7] record format from store /var/lib/neo4j/data/databases/graph.db
2017-06-20 20:15:23.248+0000 INFO  [o.n.k.i.s.f.RecordFormatSelector] Format not configured. Selected format from the store: RecordFormat:StandardV3_0[v0.A.7]
2017-06-20 20:15:23.902+0000 INFO  [o.n.k.i.a.i.IndexingService] IndexingService.init: index 1 on :label[0](property[0]) is ONLINE
2017-06-20 20:15:24.039+0000 INFO  [o.n.k.i.a.i.IndexingService] IndexingService.start: index 1 on :Neo4j::Migrations::SchemaMigration(migration_id) is ONLINE
2017-06-20 20:15:24.043+0000 WARN  [o.n.k.i.a.i.s.IndexSamplingController] Recovering index sampling for index :Neo4j::Migrations::SchemaMigration(migration_id)
2017-06-20 20:15:24.051+0000 INFO  [o.n.k.i.a.i.s.OnlineIndexSamplingJob] Sampled index :Neo4j::Migrations::SchemaMigration(migration_id) with 0 unique values in sample of avg size 0 taken from index containing 0 entries
2017-06-20 20:15:24.058+0000 INFO  [o.n.k.i.DatabaseHealth] Database health set to OK
2017-06-20 20:15:24.378+0000 INFO  [o.n.k.AvailabilityGuard] Fulfilling of requirement makes database available: Database available
2017-06-20 20:15:24.380+0000 INFO  [o.n.k.i.f.CommunityFacadeFactory] Database is now ready
2017-06-20 20:15:24.382+0000 INFO  [o.n.k.i.DiagnosticsManager] --- STARTED diagnostics for KernelDiagnostics:Versions START ---
2017-06-20 20:15:24.383+0000 INFO  [o.n.k.i.DiagnosticsManager] Graph Database: community single StoreId{creationTime=1497985887671, randomId=-198889379242359798, storeVersion=15531981201765894, upgradeTime=1497985887671, upgradeId=1}
2017-06-20 20:15:24.384+0000 INFO  [o.n.k.i.DiagnosticsManager] Kernel version: 3.0.9,50059105d777d8a14e9c4c794cdb48d21fb21e4e
2017-06-20 20:15:24.385+0000 INFO  [o.n.k.i.DiagnosticsManager] --- STARTED diagnostics for KernelDiagnostics:Versions END ---
2017-06-20 20:15:24.389+0000 INFO  [o.n.k.i.DiagnosticsManager] --- STARTED diagnostics for NEO_STORE_VERSIONS START ---
2017-06-20 20:15:24.390+0000 INFO  [o.n.k.i.DiagnosticsManager] Store versions:
2017-06-20 20:15:24.391+0000 INFO  [o.n.k.i.DiagnosticsManager] Store versions:
2017-06-20 20:15:24.392+0000 INFO  [o.n.k.i.DiagnosticsManager]   ArrayPropertyStore v0.A.7
2017-06-20 20:15:24.393+0000 INFO  [o.n.k.i.DiagnosticsManager]   NodeStore v0.A.7
2017-06-20 20:15:24.395+0000 INFO  [o.n.k.i.DiagnosticsManager]   StringPropertyStore v0.A.7
2017-06-20 20:15:24.396+0000 INFO  [o.n.k.i.DiagnosticsManager]   PropertyIndexStore v0.A.7
2017-06-20 20:15:24.397+0000 INFO  [o.n.k.i.DiagnosticsManager]   StringPropertyStore v0.A.7
2017-06-20 20:15:24.399+0000 INFO  [o.n.k.i.DiagnosticsManager]   ArrayPropertyStore v0.A.7
2017-06-20 20:15:24.400+0000 INFO  [o.n.k.i.DiagnosticsManager]   PropertyStore v0.A.7
2017-06-20 20:15:24.401+0000 INFO  [o.n.k.i.DiagnosticsManager]   RelationshipStore v0.A.7
2017-06-20 20:15:24.402+0000 INFO  [o.n.k.i.DiagnosticsManager]   StringPropertyStore v0.A.7
2017-06-20 20:15:24.404+0000 INFO  [o.n.k.i.DiagnosticsManager]   RelationshipTypeStore v0.A.7
2017-06-20 20:15:24.405+0000 INFO  [o.n.k.i.DiagnosticsManager]   StringPropertyStore v0.A.7
2017-06-20 20:15:24.406+0000 INFO  [o.n.k.i.DiagnosticsManager]   LabelTokenStore v0.A.7
2017-06-20 20:15:24.407+0000 INFO  [o.n.k.i.DiagnosticsManager]   SchemaStore v0.A.7
2017-06-20 20:15:24.409+0000 INFO  [o.n.k.i.DiagnosticsManager]   RelationshipGroupStore v0.A.7
2017-06-20 20:15:24.410+0000 INFO  [o.n.k.i.DiagnosticsManager]   NeoStore v0.A.7
2017-06-20 20:15:24.411+0000 INFO  [o.n.k.i.DiagnosticsManager] --- STARTED diagnostics for NEO_STORE_VERSIONS END ---
2017-06-20 20:15:24.413+0000 INFO  [o.n.k.i.DiagnosticsManager] --- STARTED diagnostics for NEO_STORE_ID_USAGE START ---
2017-06-20 20:15:24.414+0000 INFO  [o.n.k.i.DiagnosticsManager] Id usage:
2017-06-20 20:15:24.415+0000 INFO  [o.n.k.i.DiagnosticsManager] Id usage:
2017-06-20 20:15:24.416+0000 INFO  [o.n.k.i.DiagnosticsManager]   ArrayPropertyStore: used=1 high=0
2017-06-20 20:15:24.417+0000 INFO  [o.n.k.i.DiagnosticsManager]   NodeStore: used=0 high=3
2017-06-20 20:15:24.419+0000 INFO  [o.n.k.i.DiagnosticsManager]   StringPropertyStore: used=8 high=7
2017-06-20 20:15:24.420+0000 INFO  [o.n.k.i.DiagnosticsManager]   PropertyIndexStore: used=7 high=6
2017-06-20 20:15:24.421+0000 INFO  [o.n.k.i.DiagnosticsManager]   StringPropertyStore: used=1 high=0
2017-06-20 20:15:24.422+0000 INFO  [o.n.k.i.DiagnosticsManager]   ArrayPropertyStore: used=1 high=0
2017-06-20 20:15:24.424+0000 INFO  [o.n.k.i.DiagnosticsManager]   PropertyStore: used=0 high=5
2017-06-20 20:15:24.425+0000 INFO  [o.n.k.i.DiagnosticsManager]   RelationshipStore: used=0 high=-1
2017-06-20 20:15:24.426+0000 INFO  [o.n.k.i.DiagnosticsManager]   StringPropertyStore: used=1 high=0
2017-06-20 20:15:24.427+0000 INFO  [o.n.k.i.DiagnosticsManager]   RelationshipTypeStore: used=0 high=-1
2017-06-20 20:15:24.429+0000 INFO  [o.n.k.i.DiagnosticsManager]   StringPropertyStore: used=5 high=4
2017-06-20 20:15:24.430+0000 INFO  [o.n.k.i.DiagnosticsManager]   LabelTokenStore: used=3 high=2
2017-06-20 20:15:24.431+0000 INFO  [o.n.k.i.DiagnosticsManager]   SchemaStore: used=3 high=6
2017-06-20 20:15:24.432+0000 INFO  [o.n.k.i.DiagnosticsManager]   RelationshipGroupStore: used=1 high=0
2017-06-20 20:15:24.434+0000 INFO  [o.n.k.i.DiagnosticsManager]   NeoStore: used=15 high=14
2017-06-20 20:15:24.435+0000 INFO  [o.n.k.i.DiagnosticsManager] --- STARTED diagnostics for NEO_STORE_ID_USAGE END ---
2017-06-20 20:15:24.436+0000 INFO  [o.n.k.i.DiagnosticsManager] --- STARTED diagnostics for NEO_STORE_RECORDS START ---
2017-06-20 20:15:24.437+0000 INFO  [o.n.k.i.DiagnosticsManager] Neostore records:
2017-06-20 20:15:24.439+0000 INFO  [o.n.k.i.DiagnosticsManager] TIME (Creation time): 1497985887671
2017-06-20 20:15:24.440+0000 INFO  [o.n.k.i.DiagnosticsManager] RANDOM_NUMBER (Random number for store id): -198889379242359798
2017-06-20 20:15:24.441+0000 INFO  [o.n.k.i.DiagnosticsManager] LOG_VERSION (Current log version): 0
2017-06-20 20:15:24.444+0000 INFO  [o.n.k.i.DiagnosticsManager] LAST_TRANSACTION_ID (Last committed transaction): 30
2017-06-20 20:15:24.445+0000 INFO  [o.n.k.i.DiagnosticsManager] STORE_VERSION (Store format version): 15531981201765894
2017-06-20 20:15:24.446+0000 INFO  [o.n.k.i.DiagnosticsManager] FIRST_GRAPH_PROPERTY (First property record containing graph properties): -1
2017-06-20 20:15:24.447+0000 INFO  [o.n.k.i.DiagnosticsManager] LAST_CONSTRAINT_TRANSACTION (Last committed transaction containing constraint changes): 20
2017-06-20 20:15:24.448+0000 INFO  [o.n.k.i.DiagnosticsManager] UPGRADE_TRANSACTION_ID (Transaction id most recent upgrade was performed at): 1
2017-06-20 20:15:24.450+0000 INFO  [o.n.k.i.DiagnosticsManager] UPGRADE_TIME (Time of last upgrade): 1497985887671
2017-06-20 20:15:24.451+0000 INFO  [o.n.k.i.DiagnosticsManager] LAST_TRANSACTION_CHECKSUM (Checksum of last committed transaction): -161489576381
2017-06-20 20:15:24.452+0000 INFO  [o.n.k.i.DiagnosticsManager] UPGRADE_TRANSACTION_CHECKSUM (Checksum of transaction id the most recent upgrade was performed at): 0
2017-06-20 20:15:24.454+0000 INFO  [o.n.k.i.DiagnosticsManager] LAST_CLOSED_TRANSACTION_LOG_VERSION (Log version where the last transaction commit entry has been written into): 0
2017-06-20 20:15:24.455+0000 INFO  [o.n.k.i.DiagnosticsManager] LAST_CLOSED_TRANSACTION_LOG_BYTE_OFFSET (Byte offset in the log file where the last transaction commit entry has been written into): 6434
2017-06-20 20:15:24.456+0000 INFO  [o.n.k.i.DiagnosticsManager] LAST_TRANSACTION_COMMIT_TIMESTAMP (Commit time timestamp for last committed transaction): 1497989090919
2017-06-20 20:15:24.457+0000 INFO  [o.n.k.i.DiagnosticsManager] UPGRADE_TRANSACTION_COMMIT_TIMESTAMP (Commit timestamp of transaction the most recent upgrade was performed at): 0
2017-06-20 20:15:24.458+0000 INFO  [o.n.k.i.DiagnosticsManager] --- STARTED diagnostics for NEO_STORE_RECORDS END ---
2017-06-20 20:15:24.461+0000 INFO  [o.n.k.i.DiagnosticsManager] --- STARTED diagnostics for TRANSACTION_RANGE START ---
2017-06-20 20:15:24.462+0000 INFO  [o.n.k.i.DiagnosticsManager] Transaction log:
2017-06-20 20:15:24.468+0000 INFO  [o.n.k.i.DiagnosticsManager] Oldest transaction 2 found in log with version 0
2017-06-20 20:15:24.469+0000 INFO  [o.n.k.i.DiagnosticsManager] --- STARTED diagnostics for TRANSACTION_RANGE END ---
2017-06-20 20:15:24.471+0000 INFO  [o.n.k.i.DiagnosticsManager] --- STARTED diagnostics for KernelDiagnostics:StoreFiles START ---
2017-06-20 20:15:24.473+0000 INFO  [o.n.k.i.DiagnosticsManager] Disk space on partition (Total / Free / Free %): 249788112896 / 98483507200 / 39
Storage files: (filename : modification date - size)
2017-06-20 20:15:24.478+0000 INFO  [o.n.k.i.DiagnosticsManager]   index:
2017-06-20 20:15:24.482+0000 INFO  [o.n.k.i.DiagnosticsManager]   - Total: 2017-06-20T19:11:27+0000 - 0.00 B
2017-06-20 20:15:24.484+0000 INFO  [o.n.k.i.DiagnosticsManager]   neostore: 2017-06-20T20:05:38+0000 - 8.00 kB
2017-06-20 20:15:24.486+0000 INFO  [o.n.k.i.DiagnosticsManager]   neostore.counts.db.a: 2017-06-20T20:13:39+0000 - 96.00 B
2017-06-20 20:15:24.488+0000 INFO  [o.n.k.i.DiagnosticsManager]   neostore.counts.db.b: 2017-06-20T20:07:48+0000 - 96.00 B
2017-06-20 20:15:24.491+0000 INFO  [o.n.k.i.DiagnosticsManager]   neostore.id: 2017-06-20T20:15:23+0000 - 9.00 B
2017-06-20 20:15:24.493+0000 INFO  [o.n.k.i.DiagnosticsManager]   neostore.labeltokenstore.db: 2017-06-20T19:55:37+0000 - 8.00 kB
2017-06-20 20:15:24.495+0000 INFO  [o.n.k.i.DiagnosticsManager]   neostore.labeltokenstore.db.id: 2017-06-20T20:15:23+0000 - 9.00 B
2017-06-20 20:15:24.498+0000 INFO  [o.n.k.i.DiagnosticsManager]   neostore.labeltokenstore.db.names: 2017-06-20T19:55:37+0000 - 8.00 kB
2017-06-20 20:15:24.501+0000 INFO  [o.n.k.i.DiagnosticsManager]   neostore.labeltokenstore.db.names.id: 2017-06-20T20:15:23+0000 - 9.00 B
2017-06-20 20:15:24.503+0000 INFO  [o.n.k.i.DiagnosticsManager]   neostore.nodestore.db: 2017-06-20T20:05:38+0000 - 8.00 kB
2017-06-20 20:15:24.505+0000 INFO  [o.n.k.i.DiagnosticsManager]   neostore.nodestore.db.id: 2017-06-20T20:15:23+0000 - 41.00 B
2017-06-20 20:15:24.507+0000 INFO  [o.n.k.i.DiagnosticsManager]   neostore.nodestore.db.labels: 2017-06-20T19:11:27+0000 - 8.00 kB
2017-06-20 20:15:24.510+0000 INFO  [o.n.k.i.DiagnosticsManager]   neostore.nodestore.db.labels.id: 2017-06-20T20:15:23+0000 - 9.00 B
2017-06-20 20:15:24.512+0000 INFO  [o.n.k.i.DiagnosticsManager]   neostore.propertystore.db: 2017-06-20T20:05:38+0000 - 7.97 kB
2017-06-20 20:15:24.515+0000 INFO  [o.n.k.i.DiagnosticsManager]   neostore.propertystore.db.arrays: 2017-06-20T19:11:27+0000 - 8.00 kB
2017-06-20 20:15:24.518+0000 INFO  [o.n.k.i.DiagnosticsManager]   neostore.propertystore.db.arrays.id: 2017-06-20T20:15:23+0000 - 9.00 B
2017-06-20 20:15:24.520+0000 INFO  [o.n.k.i.DiagnosticsManager]   neostore.propertystore.db.id: 2017-06-20T20:15:23+0000 - 57.00 B
2017-06-20 20:15:24.523+0000 INFO  [o.n.k.i.DiagnosticsManager]   neostore.propertystore.db.index: 2017-06-20T20:00:37+0000 - 8.00 kB
2017-06-20 20:15:24.526+0000 INFO  [o.n.k.i.DiagnosticsManager]   neostore.propertystore.db.index.id: 2017-06-20T20:15:23+0000 - 9.00 B
2017-06-20 20:15:24.528+0000 INFO  [o.n.k.i.DiagnosticsManager]   neostore.propertystore.db.index.keys: 2017-06-20T20:00:37+0000 - 8.00 kB
2017-06-20 20:15:24.531+0000 INFO  [o.n.k.i.DiagnosticsManager]   neostore.propertystore.db.index.keys.id: 2017-06-20T20:15:23+0000 - 9.00 B
2017-06-20 20:15:24.534+0000 INFO  [o.n.k.i.DiagnosticsManager]   neostore.propertystore.db.strings: 2017-06-20T19:11:27+0000 - 8.00 kB
2017-06-20 20:15:24.536+0000 INFO  [o.n.k.i.DiagnosticsManager]   neostore.propertystore.db.strings.id: 2017-06-20T20:15:23+0000 - 9.00 B
2017-06-20 20:15:24.538+0000 INFO  [o.n.k.i.DiagnosticsManager]   neostore.relationshipgroupstore.db: 2017-06-20T19:11:27+0000 - 8.00 kB
2017-06-20 20:15:24.541+0000 INFO  [o.n.k.i.DiagnosticsManager]   neostore.relationshipgroupstore.db.id: 2017-06-20T20:15:23+0000 - 9.00 B
2017-06-20 20:15:24.544+0000 INFO  [o.n.k.i.DiagnosticsManager]   neostore.relationshipstore.db: 2017-06-20T19:11:27+0000 - 0.00 B
2017-06-20 20:15:24.546+0000 INFO  [o.n.k.i.DiagnosticsManager]   neostore.relationshipstore.db.id: 2017-06-20T20:15:23+0000 - 9.00 B
2017-06-20 20:15:24.548+0000 INFO  [o.n.k.i.DiagnosticsManager]   neostore.relationshiptypestore.db: 2017-06-20T19:11:27+0000 - 0.00 B
2017-06-20 20:15:24.551+0000 INFO  [o.n.k.i.DiagnosticsManager]   neostore.relationshiptypestore.db.id: 2017-06-20T20:15:23+0000 - 9.00 B
2017-06-20 20:15:24.553+0000 INFO  [o.n.k.i.DiagnosticsManager]   neostore.relationshiptypestore.db.names: 2017-06-20T19:11:27+0000 - 8.00 kB
2017-06-20 20:15:24.556+0000 INFO  [o.n.k.i.DiagnosticsManager]   neostore.relationshiptypestore.db.names.id: 2017-06-20T20:15:23+0000 - 9.00 B
2017-06-20 20:15:24.558+0000 INFO  [o.n.k.i.DiagnosticsManager]   neostore.schemastore.db: 2017-06-20T20:05:38+0000 - 8.00 kB
2017-06-20 20:15:24.561+0000 INFO  [o.n.k.i.DiagnosticsManager]   neostore.schemastore.db.id: 2017-06-20T20:15:23+0000 - 41.00 B
2017-06-20 20:15:24.563+0000 INFO  [o.n.k.i.DiagnosticsManager]   neostore.transaction.db.0: 2017-06-20T20:13:39+0000 - 6.35 kB
2017-06-20 20:15:24.565+0000 INFO  [o.n.k.i.DiagnosticsManager]   schema:
2017-06-20 20:15:24.567+0000 INFO  [o.n.k.i.DiagnosticsManager]     index:
2017-06-20 20:15:24.571+0000 INFO  [o.n.k.i.DiagnosticsManager]       lucene:
2017-06-20 20:15:24.574+0000 INFO  [o.n.k.i.DiagnosticsManager]         1:
2017-06-20 20:15:24.576+0000 INFO  [o.n.k.i.DiagnosticsManager]           1:
2017-06-20 20:15:24.581+0000 INFO  [o.n.k.i.DiagnosticsManager]             segments_6: 2017-06-20T20:05:37+0000 - 85.00 B
2017-06-20 20:15:24.583+0000 INFO  [o.n.k.i.DiagnosticsManager]             write.lock: 2017-06-20T19:32:00+0000 - 0.00 B
2017-06-20 20:15:24.585+0000 INFO  [o.n.k.i.DiagnosticsManager]           - Total: 2017-06-20T20:05:37+0000 - 85.00 B
2017-06-20 20:15:24.587+0000 INFO  [o.n.k.i.DiagnosticsManager]           failure-message: 2017-06-20T19:32:00+0000 - 16.00 kB
2017-06-20 20:15:24.589+0000 INFO  [o.n.k.i.DiagnosticsManager]         - Total: 2017-06-20T19:32:00+0000 - 16.08 kB
2017-06-20 20:15:24.591+0000 INFO  [o.n.k.i.DiagnosticsManager]       - Total: 2017-06-20T20:04:18+0000 - 16.08 kB
2017-06-20 20:15:24.592+0000 INFO  [o.n.k.i.DiagnosticsManager]     - Total: 2017-06-20T19:32:00+0000 - 16.08 kB
2017-06-20 20:15:24.594+0000 INFO  [o.n.k.i.DiagnosticsManager]     label:
2017-06-20 20:15:24.597+0000 INFO  [o.n.k.i.DiagnosticsManager]       lucene:
2017-06-20 20:15:24.600+0000 INFO  [o.n.k.i.DiagnosticsManager]         labelStore:
2017-06-20 20:15:24.603+0000 INFO  [o.n.k.i.DiagnosticsManager]           1:
2017-06-20 20:15:24.607+0000 INFO  [o.n.k.i.DiagnosticsManager]             segments_5: 2017-06-20T20:05:37+0000 - 71.00 B
2017-06-20 20:15:24.610+0000 INFO  [o.n.k.i.DiagnosticsManager]             write.lock: 2017-06-20T19:11:27+0000 - 0.00 B
2017-06-20 20:15:24.612+0000 INFO  [o.n.k.i.DiagnosticsManager]           - Total: 2017-06-20T20:05:37+0000 - 71.00 B
2017-06-20 20:15:24.614+0000 INFO  [o.n.k.i.DiagnosticsManager]           failure-message: 2017-06-20T19:11:27+0000 - 16.00 kB
2017-06-20 20:15:24.615+0000 INFO  [o.n.k.i.DiagnosticsManager]         - Total: 2017-06-20T19:11:27+0000 - 16.07 kB
2017-06-20 20:15:24.617+0000 INFO  [o.n.k.i.DiagnosticsManager]       - Total: 2017-06-20T19:11:27+0000 - 16.07 kB
2017-06-20 20:15:24.619+0000 INFO  [o.n.k.i.DiagnosticsManager]     - Total: 2017-06-20T19:11:27+0000 - 16.07 kB
2017-06-20 20:15:24.621+0000 INFO  [o.n.k.i.DiagnosticsManager]   - Total: 2017-06-20T19:32:00+0000 - 32.15 kB
2017-06-20 20:15:24.624+0000 INFO  [o.n.k.i.DiagnosticsManager]   store_lock: 2017-06-20T19:11:27+0000 - 0.00 B
2017-06-20 20:15:24.625+0000 INFO  [o.n.k.i.DiagnosticsManager] --- STARTED diagnostics for KernelDiagnostics:StoreFiles END ---
2017-06-20 20:15:25.794+0000 INFO  [o.n.k.i.DiagnosticsManager] --- SERVER STARTED START ---
2017-06-20 20:15:26.572+0000 INFO  [o.n.k.i.DiagnosticsManager] --- SERVER STARTED END ---
2017-06-20 20:15:51.589+0000 INFO  [o.n.k.i.f.CommunityFacadeFactory] Shutdown started
2017-06-20 20:15:51.592+0000 INFO  [o.n.k.i.f.CommunityFacadeFactory] Database is now unavailable
2017-06-20 20:15:51.606+0000 INFO  [o.n.k.i.t.l.c.CheckPointerImpl] Check Pointing triggered by database shutdown [30]:  Starting check pointing...
2017-06-20 20:15:51.607+0000 INFO  [o.n.k.i.t.l.c.CheckPointerImpl] Check Pointing triggered by database shutdown [30]:  Starting store flush...
2017-06-20 20:15:51.615+0000 INFO  [o.n.k.i.s.c.CountsTracker] About to rotate counts store at transaction 30 to [/var/lib/neo4j/data/databases/graph.db/neostore.counts.db.b], from [/var/lib/neo4j/data/databases/graph.db/neostore.counts.db.a].
2017-06-20 20:15:51.628+0000 INFO  [o.n.k.i.s.c.CountsTracker] Successfully rotated counts store at transaction 30 to [/var/lib/neo4j/data/databases/graph.db/neostore.counts.db.b], from [/var/lib/neo4j/data/databases/graph.db/neostore.counts.db.a].
2017-06-20 20:15:51.631+0000 INFO  [o.n.k.i.t.l.c.CheckPointerImpl] Check Pointing triggered by database shutdown [30]:  Store flush completed
2017-06-20 20:15:51.632+0000 INFO  [o.n.k.i.t.l.c.CheckPointerImpl] Check Pointing triggered by database shutdown [30]:  Starting appending check point entry into the tx log...
2017-06-20 20:15:51.635+0000 INFO  [o.n.k.i.t.l.c.CheckPointerImpl] Check Pointing triggered by database shutdown [30]:  Appending check point entry into the tx log completed
2017-06-20 20:15:51.636+0000 INFO  [o.n.k.i.t.l.c.CheckPointerImpl] Check Pointing triggered by database shutdown [30]:  Check pointing completed
2017-06-20 20:15:51.637+0000 INFO  [o.n.k.i.t.l.p.LogPruningImpl] Log Rotation [0]:  Starting log pruning.
2017-06-20 20:15:51.638+0000 INFO  [o.n.k.i.t.l.p.LogPruningImpl] Log Rotation [0]:  Log pruning complete.
2017-06-20 20:15:51.688+0000 INFO  [o.n.k.i.DiagnosticsManager] --- STOPPING diagnostics START ---
2017-06-20 20:15:51.688+0000 INFO  [o.n.k.i.DiagnosticsManager] --- STOPPING diagnostics END ---
